# JRE version: OpenJDK Runtime Environment JBR-17.0.8.1+7-1000.32-jcef (17.0.8.1+7) (build 17.0.8.1+7-b1000.32)
# Java VM: OpenJDK 64-Bit Server VM JBR-17.0.8.1+7-1000.32-jcef (17.0.8.1+7-b1000.32, mixed mode, tiered, compressed oops, compressed class ptrs, g1 gc, windows-amd64)
GC Precious Log:
 CPUs: 8 total, 8 available
 Memory: 16197M
 Large Page Support: Disabled
 NUMA Support: Disabled
 Compressed Oops: Enabled (32-bit)
 Heap Region Size: 1M
 Heap Min Capacity: 128M
 Heap Initial Capacity: 128M
 Heap Max Capacity: 2G
 Pre-touch: Disabled
 Parallel Workers: 8
 Concurrent Workers: 2
 Concurrent Refinement Workers: 8
 Periodic GC: Disabled
Heap:
 garbage-first heap   total 131072K, used 78094K [0x0000000080000000, 0x0000000100000000)
  region size 1024K, 68 young (69632K), 2 survivors (2048K)
 Metaspace       used 20841K, committed 21184K, reserved 1114112K
  class space    used 2075K, committed 2240K, reserved 1048576K
GC Heap History (8 events):
Event: 0.562 GC heap before
{Heap before GC invocations=0 (full 0):
 garbage-first heap   total 131072K, used 26624K [0x0000000080000000, 0x0000000100000000)
  region size 1024K, 23 young (23552K), 0 survivors (0K)
 Metaspace       used 18225K, committed 18496K, reserved 1114112K
  class space    used 1899K, committed 2048K, reserved 1048576K
}
Event: 0.566 GC heap after
{Heap after GC invocations=1 (full 0):
 garbage-first heap   total 131072K, used 10155K [0x0000000080000000, 0x0000000100000000)
  region size 1024K, 3 young (3072K), 3 survivors (3072K)
 Metaspace       used 18225K, committed 18496K, reserved 1114112K
  class space    used 1899K, committed 2048K, reserved 1048576K
}
Event: 6.886 GC heap before
{Heap before GC invocations=1 (full 0):
 garbage-first heap   total 131072K, used 30635K [0x0000000080000000, 0x0000000100000000)
  region size 1024K, 24 young (24576K), 3 survivors (3072K)
 Metaspace       used 19987K, committed 20288K, reserved 1114112K
  class space    used 2044K, committed 2176K, reserved 1048576K
}
Event: 6.889 GC heap after
{Heap after GC invocations=2 (full 0):
 garbage-first heap   total 131072K, used 11221K [0x0000000080000000, 0x0000000100000000)
  region size 1024K, 2 young (2048K), 2 survivors (2048K)
 Metaspace       used 19987K, committed 20288K, reserved 1114112K
  class space    used 2044K, committed 2176K, reserved 1048576K
}
Event: 27.978 GC heap before
{Heap before GC invocations=2 (full 0):
 garbage-first heap   total 131072K, used 61397K [0x0000000080000000, 0x0000000100000000)
  region size 1024K, 52 young (53248K), 2 survivors (2048K)
 Metaspace       used 20359K, committed 20672K, reserved 1114112K
  class space    used 2053K, committed 2176K, reserved 1048576K
}
Event: 27.979 GC heap after
{Heap after GC invocations=3 (full 0):
 garbage-first heap   total 131072K, used 11273K [0x0000000080000000, 0x0000000100000000)
  region size 1024K, 2 young (2048K), 2 survivors (2048K)
 Metaspace       used 20359K, committed 20672K, reserved 1114112K
  class space    used 2053K, committed 2176K, reserved 1048576K
}
Event: 121.686 GC heap before
{Heap before GC invocations=3 (full 0):
 garbage-first heap   total 131072K, used 87049K [0x0000000080000000, 0x0000000100000000)
  region size 1024K, 76 young (77824K), 2 survivors (2048K)
 Metaspace       used 20665K, committed 20992K, reserved 1114112K
  class space    used 2059K, committed 2240K, reserved 1048576K
}
Event: 121.687 GC heap after
{Heap after GC invocations=4 (full 0):
 garbage-first heap   total 131072K, used 11534K [0x0000000080000000, 0x0000000100000000)
  region size 1024K, 2 young (2048K), 2 survivors (2048K)
 Metaspace       used 20665K, committed 20992K, reserved 1114112K
  class space    used 2059K, committed 2240K, reserved 1048576K
}

